INFO:root:pygame.display.toggle_fullscreen()=0
INFO:root:pygame.display.toggle_fullscreen()=0
INFO:root:pygame.display.toggle_fullscreen()=0
INFO:root:Full Screen:False
INFO:root:Full Screen:False
INFO:root:Full Screen:False
ERROR:dog-ceo-NaveenMK:This is the error message: HTTPSConnectionPool(host='dog.ceo', port=443): Max retries exceeded with url: /api/breeds/image/random (Caused by NewConnectionError('<urllib3.connection.VerifiedHTTPSConnection object at 0x000000000E193488>: Failed to establish a new connection: [WinError 10060] A connection attempt failed because the connected party did not properly respond after a period of time, or established connection failed because connected host has failed to respond'))
INFO:root:File sucessfully saved at:::C:\Users\Naveen User\Desktop\dog-ceo\Images\dogdog8384.jpeg
INFO:root:File sucessfully saved at:::C:\Users\Naveen User\Desktop\dog-ceo\Images\dogdog40.jpeg
INFO:root:File sucessfully saved at:::C:\Users\Naveen User\Desktop\dog-ceo\Images\dog\dog18.jpeg
INFO:root:File sucessfully saved at:::C:\Users\Naveen User\Desktop\dog-ceo\Images\dog\dog66.jpeg
INFO:root:File sucessfully saved at:::C:\Users\Naveen User\Desktop\dog-ceo\Images\dog\dog62.JPEG
INFO:root:File sucessfully saved at:::C:\Users\Naveen User\Desktop\dog-ceo\Images\dog\dog34.JPEG
INFO:root:File sucessfully saved at:::C:\Users\Naveen User\Desktop\dog-ceo\Images\dog\dog53.JPEG
INFO:root:File sucessfully saved at:::C:\Users\Naveen User\Desktop\dog-ceo\Images\dog\dog59.JPEG
INFO:root:File sucessfully saved at:::C:\Users\Naveen User\Desktop\dog-ceo\Images\dog\dog12.JPEG
INFO:root:File sucessfully saved at:::C:\Users\Naveen User\Desktop\dog-ceo\Images\dog\dog19.JPEG
INFO:root:File sucessfully saved at:::C:\Users\Naveen User\Desktop\dog-ceo\Images\dog\dog44.JPEG
INFO:root:File sucessfully saved at:::C:\Users\Naveen User\Desktop\dog-ceo\Images\dog\dog73.JPEG
INFO:root:File sucessfully saved at:::C:\Users\Naveen User\Desktop\dog-ceo\Images\dog\dog6.JPEG
INFO:root:File sucessfully saved at:::C:\Users\Naveen User\Desktop\dog-ceo\Images\dog\dog36.JPEG
INFO:root:File sucessfully saved at:::C:\Users\Naveen User\Desktop\dog-ceo\Images\dog\dog96.JPEG
INFO:root:File sucessfully saved at:::C:\Users\Naveen User\Desktop\dog-ceo\Images\dog\dog48.JPEG
INFO:root:File sucessfully saved at:::C:\Users\Naveen User\Desktop\dog-ceo\Images\dog\dog20.JPEG
INFO:root:File sucessfully saved at:::C:\Users\Naveen User\Desktop\dog-ceo\Images\dog\dog6.JPEG
INFO:root:File sucessfully saved at:::C:\Users\Naveen User\Desktop\dog-ceo\Images\dog\dog43.JPEG
INFO:root:File sucessfully saved at:::C:\Users\Naveen User\Desktop\dog-ceo\Images\dog\dog10.JPEG
INFO:root:File sucessfully saved at:::C:\Users\Naveen User\Desktop\dog-ceo\Images\dog\dog9.JPEG
INFO:root:File sucessfully saved at:::C:\Users\Naveen User\Desktop\dog-ceo\Images\dog\dog82.JPEG
INFO:root:File sucessfully saved at:::C:\Users\Naveen User\Desktop\dog-ceo\Images\dog\dog4.JPEG
INFO:root:File sucessfully saved at:::C:\Users\Naveen User\Desktop\dog-ceo\Images\dog\dog37.JPEG
INFO:root:File sucessfully saved at:::C:\Users\Naveen User\Desktop\dog-ceo\Images\dog\dog68.JPEG
INFO:root:File sucessfully saved at:::C:\Users\Naveen User\Desktop\dog-ceo\Images\dog\dog80.JPEG
INFO:root:File sucessfully saved at:::C:\Users\Naveen User\Desktop\dog-ceo\Images\dog\dog39.JPEG
INFO:root:File sucessfully saved at:::C:\Users\Naveen User\Desktop\dog-ceo\Images\dog\dog36.JPEG
INFO:root:File sucessfully saved at:::C:\Users\Naveen User\Desktop\dog-ceo\Images\dog\dog85.JPEG
INFO:root:File sucessfully saved at:::C:\Users\Naveen User\Desktop\dog-ceo\Images\dog\dog50.JPEG
INFO:root:File sucessfully saved at:::C:\Users\Naveen User\Desktop\dog-ceo\Images\dog\dog8.JPEG
INFO:root:File sucessfully saved at:::C:\Users\Naveen User\Desktop\dog-ceo\Images\dog\dog37.JPEG
INFO:root:File sucessfully saved at:::C:\Users\Naveen User\Desktop\dog-ceo\Images\dog\dog37.JPEG
INFO:root:File sucessfully saved at:::C:\Users\Naveen User\Desktop\dog-ceo\Images\dog\dog58.JPEG
INFO:root:Full Screen:False
INFO:root:File sucessfully saved at:::C:\Users\Naveen User\Desktop\dog-ceo\Images\dog\dog100.JPEG
INFO:root:File sucessfully saved at:::C:\Users\Naveen User\Desktop\dog-ceo\Images\dog\dog48.JPEG
INFO:root:File sucessfully saved at:::C:\Users\Naveen User\Desktop\dog-ceo\Images\dog\dog2.JPEG
INFO:root:File sucessfully saved at:::C:\Users\Naveen User\Desktop\dog-ceo\Images\dog\dog96.JPEG
INFO:root:Full Screen:False
INFO:root:File sucessfully saved at:::C:\Users\Naveen User\Desktop\dog-ceo\Images\dog\dog84.JPEG
INFO:root:File sucessfully saved at:::C:\Users\Naveen User\Desktop\dog-ceo\Images\dog\dog70.JPEG
INFO:root:File sucessfully saved at:::C:\Users\Naveen User\Desktop\dog-ceo\Images\dog\dog1.JPEG
INFO:root:Full Screen:False
INFO:root:File sucessfully saved at:::C:\Users\Naveen User\Desktop\dog-ceo\Images\dog\dog78.JPEG
INFO:root:File sucessfully saved at:::C:\Users\Naveen User\Desktop\dog-ceo\Images\dog\dog39.JPEG
INFO:root:File sucessfully saved at:::C:\Users\Naveen User\Desktop\dog-ceo\Images\dog\dog31.JPEG
INFO:root:File sucessfully saved at:::C:\Users\Naveen User\Desktop\dog-ceo\Images\dog\dog59.JPEG
INFO:root:File sucessfully saved at:::C:\Users\Naveen User\Desktop\dog-ceo\Images\dog\dog58.JPEG
INFO:root:File sucessfully saved at:::C:\Users\Naveen User\Desktop\dog-ceo\Images\dog\dog85.JPEG
INFO:root:File sucessfully saved at:::C:\Users\Naveen User\Desktop\dog-ceo\Images\dog\dog82.JPEG
INFO:root:File sucessfully saved at:::C:\Users\Naveen User\Desktop\dog-ceo\Images\dog\dog95.JPEG
INFO:root:Full Screen:False
INFO:root:File sucessfully saved at:::C:\Users\Naveen User\Desktop\dog-ceo\Images\dog\dog16.JPEG
INFO:root:File sucessfully saved at:::C:\Users\Naveen User\Desktop\dog-ceo\Images\dog\dog16.JPEG
INFO:root:Full Screen:False
INFO:root:File sucessfully saved at:::C:\Users\Naveen User\Desktop\dog-ceo\Images\dog\dog21.JPEG
INFO:root:File sucessfully saved at:::C:\Users\Naveen User\Desktop\dog-ceo\Images\dog\dog68.JPEG
INFO:root:File sucessfully saved at:::C:\Users\Naveen User\Desktop\dog-ceo\Images\dog\dog45.JPEG
INFO:root:File sucessfully saved at:::C:\Users\Naveen User\Desktop\dog-ceo\Images\dog\dog9.JPEG
INFO:root:Full Screen:False
INFO:root:File sucessfully saved at:::C:\Users\Naveen User\Desktop\dog-ceo\Images\dog\dog9.JPEG
INFO:root:File sucessfully saved at:::C:\Users\Naveen User\Desktop\dog-ceo\Images\dog\dog57.JPEG
INFO:root:File sucessfully saved at:::C:\Users\Naveen User\Desktop\dog-ceo\Images\dog\dog3.JPEG
INFO:root:File sucessfully saved at:::C:\Users\Naveen User\Desktop\dog-ceo\Images\dog\dog91.JPEG
INFO:root:File sucessfully saved at:::C:\Users\Naveen User\Desktop\dog-ceo\Images\dog\dog32.JPEG
INFO:root:File sucessfully saved at:::C:\Users\Naveen User\Desktop\dog-ceo\Images\dog\dog62.JPEG
INFO:root:File sucessfully saved at:::C:\Users\Naveen User\Desktop\dog-ceo\Images\dog\dog29.JPEG
INFO:root:File sucessfully saved at:::C:\Users\Naveen User\Desktop\dog-ceo\Images\dog\dog34.JPEG
INFO:root:File sucessfully saved at:::C:\Users\Naveen User\Desktop\dog-ceo\Images\dog\dog29.JPEG
INFO:root:File sucessfully saved at:::C:\Users\Naveen User\Desktop\dog-ceo\Images\dog\dog66.JPEG
INFO:root:File sucessfully saved at:::C:\Users\Naveen User\Desktop\dog-ceo\Images\dog\dog43.JPEG
INFO:root:File sucessfully saved at:::C:\Users\Naveen User\Desktop\dog-ceo\Images\dog\dog39.JPEG
INFO:root:File sucessfully saved at:::C:\Users\Naveen User\Desktop\dog-ceo\Images\dog\dog24.JPEG
INFO:root:File sucessfully saved at:::C:\Users\Naveen User\Desktop\dog-ceo\Images\dog\dog25.JPEG
INFO:root:Full Screen:False
INFO:root:File sucessfully saved at:::C:\Users\Naveen User\Desktop\dog-ceo\Images\dog\dog29.JPEG
INFO:root:File sucessfully saved at:::C:\Users\Naveen User\Desktop\dog-ceo\Images\dog\dog26.JPEG
INFO:root:File sucessfully saved at:::C:\Users\Naveen User\Desktop\dog-ceo\Images\dog\dog77.JPEG
INFO:root:File sucessfully saved at:::C:\Users\Naveen User\Desktop\dog-ceo\Images\dog\dog7.JPEG
INFO:root:File sucessfully saved at:::C:\Users\Naveen User\Desktop\dog-ceo\Images\dog\dog47.JPEG
INFO:root:File sucessfully saved at:::C:\Users\Naveen User\Desktop\dog-ceo\Images\dog\dog28.JPEG
INFO:root:File sucessfully saved at:::C:\Users\Naveen User\Desktop\dog-ceo\Images\dog\dog19.JPEG
INFO:root:File sucessfully saved at:::C:\Users\Naveen User\Desktop\dog-ceo\Images\dog\dog43.JPEG
INFO:root:File sucessfully saved at:::C:\Users\Naveen User\Desktop\dog-ceo\Images\dog\dog51.JPEG
INFO:root:File sucessfully saved at:::C:\Users\Naveen User\Desktop\dog-ceo\Images\dog\dog59.JPEG
INFO:root:File sucessfully saved at:::C:\Users\Naveen User\Desktop\dog-ceo\Images\dog\dog68.JPEG
INFO:root:File sucessfully saved at:::C:\Users\Naveen User\Desktop\dog-ceo\Images\dog\dog49.JPEG
INFO:root:Full Screen:False
INFO:root:File sucessfully saved at:::C:\Users\Naveen User\Desktop\dog-ceo\Images\dog\dog51.JPEG
INFO:root:File sucessfully saved at:::C:\Users\Naveen User\Desktop\dog-ceo\Images\dog\dog90.JPEG
INFO:root:File sucessfully saved at:::C:\Users\Naveen User\Desktop\dog-ceo\Images\dog\dog48.JPEG
INFO:root:File sucessfully saved at:::C:\Users\Naveen User\Desktop\dog-ceo\Images\dog\dog43.JPEG
INFO:root:File sucessfully saved at:::C:\Users\Naveen User\Desktop\dog-ceo\Images\dog\dog73.JPEG
INFO:root:File sucessfully saved at:::C:\Users\Naveen User\Desktop\dog-ceo\Images\dog\dog25.JPEG
INFO:root:Full Screen:False
INFO:root:File sucessfully saved at:::C:\Users\Naveen User\Desktop\dog-ceo\Images\dog\dog74.JPEG
INFO:root:File sucessfully saved at:::C:\Users\Naveen User\Desktop\dog-ceo\Images\dog\dog48.JPEG
INFO:root:Full Screen:False
INFO:root:File sucessfully saved at:::C:\Users\Naveen User\Desktop\dog-ceo\Images\dog\dog94.JPEG
INFO:root:File sucessfully saved at:::C:\Users\Naveen User\Desktop\dog-ceo\Images\dog\dog4.JPEG
INFO:root:File sucessfully saved at:::C:\Users\Naveen User\Desktop\dog-ceo\Images\dog\dog53.JPEG
INFO:root:File sucessfully saved at:::C:\Users\Naveen User\Desktop\dog-ceo\Images\dog\dog3.JPEG
INFO:root:Full Screen:False
INFO:root:File sucessfully saved at:::C:\Users\Naveen User\Desktop\dog-ceo\Images\dog\dog44.JPEG
INFO:root:File sucessfully saved at:::C:\Users\Naveen User\Desktop\dog-ceo\Images\dog\dog22.JPEG
INFO:root:Full Screen:False
INFO:root:File sucessfully saved at:::C:\Users\Naveen User\Desktop\dog-ceo\Images\dog\dog43.JPEG
INFO:root:File sucessfully saved at:::C:\Users\Naveen User\Desktop\dog-ceo\Images\dog\dog12.JPEG
INFO:root:File sucessfully saved at:::C:\Users\Naveen User\Desktop\dog-ceo\Images\dog\dog34.JPEG
INFO:root:File sucessfully saved at:::C:\Users\Naveen User\Desktop\dog-ceo\Images\dog\dog30.JPEG
INFO:root:File sucessfully saved at:::C:\Users\Naveen User\Desktop\dog-ceo\Images\dog\dog30.JPEG
INFO:root:File sucessfully saved at:::C:\Users\Naveen User\Desktop\dog-ceo\Images\dog\dog25.JPEG
INFO:root:File sucessfully saved at:::C:\Users\Naveen User\Desktop\dog-ceo\Images\dog\dog4.JPEG
INFO:root:File sucessfully saved at:::C:\Users\Naveen User\Desktop\dog-ceo\Images\dog\dog18.JPEG
INFO:root:File sucessfully saved at:::C:\Users\Naveen User\Desktop\dog-ceo\Images\dog\dog64.JPEG
INFO:root:File sucessfully saved at:::C:\Users\Naveen User\Desktop\dog-ceo\Images\dog\dog63.JPEG
INFO:root:File sucessfully saved at:::C:\Users\Naveen User\Desktop\dog-ceo\Images\dog\dog57.JPEG
INFO:root:File sucessfully saved at:::C:\Users\Naveen User\Desktop\dog-ceo\Images\dog\dog30.JPEG
INFO:root:File sucessfully saved at:::C:\Users\Naveen User\Desktop\dog-ceo\Images\dog\dog76.JPEG
INFO:root:File sucessfully saved at:::C:\Users\Naveen User\Desktop\dog-ceo\Images\dog\dog80.JPEG
INFO:root:File sucessfully saved at:::C:\Users\Naveen User\Desktop\dog-ceo\Images\dog\dog15.JPEG
INFO:root:File sucessfully saved at:::C:\Users\Naveen User\Desktop\dog-ceo\Images\dog\dog67.JPEG
INFO:root:File sucessfully saved at:::C:\Users\Naveen User\Desktop\dog-ceo\Images\dog\dog5.JPEG
INFO:root:File sucessfully saved at:::C:\Users\Naveen User\Desktop\dog-ceo\Images\dog\dog14.JPEG
INFO:root:File sucessfully saved at:::C:\Users\Naveen User\Desktop\dog-ceo\Images\dog\dog75.JPEG
INFO:root:File sucessfully saved at:::C:\Users\Naveen User\Desktop\dog-ceo\Images\dog\dog81.JPEG
INFO:root:File sucessfully saved at:::C:\Users\Naveen User\Desktop\dog-ceo\Images\dog\dog92.JPEG
INFO:root:File sucessfully saved at:::C:\Users\Naveen User\Desktop\dog-ceo\Images\dog\dog68.JPEG
INFO:root:File sucessfully saved at:::C:\Users\Naveen User\Desktop\dog-ceo\Images\dog\dog4.JPEG
INFO:root:File sucessfully saved at:::C:\Users\Naveen User\Desktop\dog-ceo\Images\dog\dog54.JPEG
INFO:root:File sucessfully saved at:::C:\Users\Naveen User\Desktop\dog-ceo\Images\dog\dog69.JPEG
INFO:root:File sucessfully saved at:::C:\Users\Naveen User\Desktop\dog-ceo\Images\dog\dog17.JPEG
INFO:root:File sucessfully saved at:::C:\Users\Naveen User\Desktop\dog-ceo\Images\dog\dog75.JPEG
INFO:root:File sucessfully saved at:::C:\Users\Naveen User\Desktop\dog-ceo\Images\dog\dog46.JPEG
INFO:root:Full Screen:False
INFO:root:File sucessfully saved at:::C:\Users\Naveen User\Desktop\dog-ceo\Images\dog\dog56.JPEG
INFO:root:File sucessfully saved at:::C:\Users\Naveen User\Desktop\dog-ceo\Images\dog\dog58.JPEG
INFO:root:File sucessfully saved at:::C:\Users\Naveen User\Desktop\dog-ceo\Images\dog\dog19.JPEG
INFO:root:File sucessfully saved at:::C:\Users\Naveen User\Desktop\dog-ceo\Images\dog\dog86.JPEG
INFO:root:File sucessfully saved at:::C:\Users\Naveen User\Desktop\dog-ceo\Images\dog\dog59.JPEG
INFO:root:File sucessfully saved at:::C:\Users\Naveen User\Desktop\dog-ceo\Images\dog\dog35.JPEG
INFO:root:File sucessfully saved at:::C:\Users\Naveen User\Desktop\dog-ceo\Images\dog\dog3.JPEG
INFO:root:File sucessfully saved at:::C:\Users\Naveen User\Desktop\dog-ceo\Images\dog\dog15.JPEG
INFO:root:File sucessfully saved at:::C:\Users\Naveen User\Desktop\dog-ceo\Images\dog\dog25.JPEG
INFO:root:File sucessfully saved at:::C:\Users\Naveen User\Desktop\dog-ceo\Images\dog\dog1.JPEG
INFO:root:File sucessfully saved at:::C:\Users\Naveen User\Desktop\dog-ceo\Images\dog\dog73.JPEG
INFO:root:File sucessfully saved at:::C:\Users\Naveen User\Desktop\dog-ceo\Images\dog\dog37.JPEG
INFO:root:File sucessfully saved at:::C:\Users\Naveen User\Desktop\dog-ceo\Images\dog\dog46.JPEG
INFO:root:File sucessfully saved at:::C:\Users\Naveen User\Desktop\dog-ceo\Images\dog\dog58.JPEG
INFO:root:File sucessfully saved at:::C:\Users\Naveen User\Desktop\dog-ceo\Images\dog\dog100.JPEG
INFO:root:File sucessfully saved at:::C:\Users\Naveen User\Desktop\dog-ceo\Images\dog\dog40.JPEG
INFO:root:File sucessfully saved at:::C:\Users\Naveen User\Desktop\dog-ceo\Images\dog\dog28.JPEG
INFO:root:File sucessfully saved at:::C:\Users\Naveen User\Desktop\dog-ceo\Images\dog\dog67.JPEG
INFO:root:Full Screen:False
INFO:root:File sucessfully saved at:::C:\Users\Naveen User\Desktop\dog-ceo\Images\dog\dog94.JPEG
INFO:root:File sucessfully saved at:::C:\Users\Naveen User\Desktop\dog-ceo\Images\dog\dog3.JPEG
INFO:root:File sucessfully saved at:::C:\Users\Naveen User\Desktop\dog-ceo\Images\dog\dog18.JPEG
INFO:root:Full Screen:False
INFO:root:File sucessfully saved at:::C:\Users\Naveen User\Desktop\dog-ceo\Images\dog\dog33.JPEG
INFO:root:File sucessfully saved at:::C:\Users\Naveen User\Desktop\dog-ceo\Images\dog\dog72.JPEG
INFO:root:Full Screen:False
INFO:root:File sucessfully saved at:::C:\Users\Naveen User\Desktop\dog-ceo\Images\dog\dog92.JPEG
INFO:root:File sucessfully saved at:::C:\Users\Naveen User\Desktop\dog-ceo\Images\dog\dog65.JPEG
INFO:root:File sucessfully saved at:::C:\Users\Naveen User\Desktop\dog-ceo\Images\dog\dog18.JPEG
INFO:root:Full Screen:False
INFO:root:File sucessfully saved at:::C:\Users\Naveen User\Desktop\dog-ceo\Images\dog\dog28.JPEG
INFO:root:File sucessfully saved at:::C:\Users\Naveen User\Desktop\dog-ceo\Images\dog\dog82.JPEG
INFO:root:File sucessfully saved at:::C:\Users\Naveen User\Desktop\dog-ceo\Images\dog\dog67.JPEG
INFO:root:File sucessfully saved at:::C:\Users\Naveen User\Desktop\dog-ceo\Images\dog\dog43.JPEG
INFO:root:File sucessfully saved at:::C:\Users\Naveen User\Desktop\dog-ceo\Images\dog\dog29.JPEG
INFO:root:File sucessfully saved at:::C:\Users\Naveen User\Desktop\dog-ceo\Images\dog\dog3.JPEG
INFO:root:File sucessfully saved at:::C:\Users\Naveen User\Desktop\dog-ceo\Images\dog\dog71.JPEG
INFO:root:File sucessfully saved at:::C:\Users\Naveen User\Desktop\dog-ceo\Images\dog\dog17.JPEG
INFO:root:File sucessfully saved at:::C:\Users\Naveen User\Desktop\dog-ceo\Images\dog\dog84.JPEG
INFO:root:File sucessfully saved at:::C:\Users\Naveen User\Desktop\dog-ceo\Images\dog\dog36.JPEG
INFO:root:File sucessfully saved at:::C:\Users\Naveen User\Desktop\dog-ceo\Images\dog\dog39.JPEG
INFO:root:File sucessfully saved at:::C:\Users\Naveen User\Desktop\dog-ceo\Images\dog\dog56.JPEG
INFO:root:File sucessfully saved at:::C:\Users\Naveen User\Desktop\dog-ceo\Images\dog\dog61.JPEG
INFO:root:Full Screen:False
INFO:root:File sucessfully saved at:::C:\Users\Naveen User\Desktop\dog-ceo\Images\dog\dog95.JPEG
INFO:root:File sucessfully saved at:::C:\Users\Naveen User\Desktop\dog-ceo\Images\dog\dog19.JPEG
INFO:root:File sucessfully saved at:::C:\Users\Naveen User\Desktop\dog-ceo\Images\dog\dog93.JPEG
INFO:root:Full Screen:False
INFO:root:File sucessfully saved at:::C:\Users\Naveen User\Desktop\dog-ceo\Images\dog\dog58.JPEG
INFO:root:File sucessfully saved at:::C:\Users\Naveen User\Desktop\dog-ceo\Images\dog\dog61.JPEG
INFO:root:File sucessfully saved at:::C:\Users\Naveen User\Desktop\dog-ceo\Images\dog\dog3.JPEG
INFO:root:File sucessfully saved at:::C:\Users\Naveen User\Desktop\dog-ceo\Images\dog\dog5.JPEG
INFO:root:File sucessfully saved at:::C:\Users\Naveen User\Desktop\dog-ceo\Images\dog\dog95.JPEG
INFO:root:File sucessfully saved at:::C:\Users\Naveen User\Desktop\dog-ceo\Images\dog\dog94.JPEG
INFO:root:File sucessfully saved at:::C:\Users\Naveen User\Desktop\dog-ceo\Images\dog\dog16.JPEG
INFO:root:File sucessfully saved at:::C:\Users\Naveen User\Desktop\dog-ceo\Images\dog\dog62.JPEG
INFO:root:File sucessfully saved at:::C:\Users\Naveen User\Desktop\dog-ceo\Images\dog\dog57.JPEG
INFO:root:File sucessfully saved at:::C:\Users\Naveen User\Desktop\dog-ceo\Images\dog\dog34.JPEG
INFO:root:Full Screen:False
INFO:root:File sucessfully saved at:::C:\Users\Naveen User\Desktop\dog-ceo\Images\dog\dog66.JPEG
INFO:root:File sucessfully saved at:::C:\Users\Naveen User\Desktop\dog-ceo\Images\dog\dog76.JPEG
INFO:root:File sucessfully saved at:::C:\Users\Naveen User\Desktop\dog-ceo\Images\dog\dog29.JPEG
INFO:root:File sucessfully saved at:::C:\Users\Naveen User\Desktop\dog-ceo\Images\dog\dog65.JPEG
INFO:root:File sucessfully saved at:::C:\Users\Naveen User\Desktop\dog-ceo\Images\dog\dog42.JPEG
INFO:root:File sucessfully saved at:::C:\Users\Naveen User\Desktop\dog-ceo\Images\dog\dog56.JPEG
INFO:root:File sucessfully saved at:::C:\Users\Naveen User\Desktop\dog-ceo\Images\dog\dog56.JPEG
INFO:root:File sucessfully saved at:::C:\Users\Naveen User\Desktop\dog-ceo\Images\dog\dog77.JPEG
INFO:root:File sucessfully saved at:::C:\Users\Naveen User\Desktop\dog-ceo\Images\dog\dog63.JPEG
INFO:root:Full Screen:False
INFO:root:File sucessfully saved at:::C:\Users\Naveen User\Desktop\dog-ceo\Images\dog\dog29.JPEG
INFO:root:File sucessfully saved at:::C:\Users\Naveen User\Desktop\dog-ceo\Images\dog\dog97.JPEG
INFO:root:File sucessfully saved at:::C:\Users\Naveen User\Desktop\dog-ceo\Images\dog\dog33.JPEG
INFO:root:Full Screen:False
INFO:root:File sucessfully saved at:::C:\Users\Naveen User\Desktop\dog-ceo\Images\dog\dog54.JPEG
INFO:root:File sucessfully saved at:::C:\Users\Naveen User\Desktop\dog-ceo\Images\dog\dog42.JPEG
INFO:root:Full Screen:False
INFO:root:File sucessfully saved at:::C:\Users\Naveen User\Desktop\dog-ceo\Images\dog\dog35.JPEG
INFO:root:File sucessfully saved at:::C:\Users\Naveen User\Desktop\dog-ceo\Images\dog\dog7.JPEG
INFO:root:File sucessfully saved at:::C:\Users\Naveen User\Desktop\dog-ceo\Images\dog\dog11.JPEG
INFO:root:File sucessfully saved at:::C:\Users\Naveen User\Desktop\dog-ceo\Images\dog\dog52.JPEG
INFO:root:File sucessfully saved at:::C:\Users\Naveen User\Desktop\dog-ceo\Images\dog\dog90.JPEG
INFO:root:File sucessfully saved at:::C:\Users\Naveen User\Desktop\dog-ceo\Images\dog\dog76.JPEG
INFO:root:Full Screen:False
INFO:root:File sucessfully saved at:::C:\Users\Naveen User\Desktop\dog-ceo\Images\dog\dog55.JPEG
INFO:root:File sucessfully saved at:::C:\Users\Naveen User\Desktop\dog-ceo\Images\dog\dog77.JPEG
INFO:root:File sucessfully saved at:::C:\Users\Naveen User\Desktop\dog-ceo\Images\dog\dog14.JPEG
INFO:root:Full Screen:False
INFO:root:File sucessfully saved at:::C:\Users\Naveen User\Desktop\dog-ceo\Images\dog\dog97.JPEG
INFO:root:File sucessfully saved at:::C:\Users\Naveen User\Desktop\dog-ceo\Images\dog\dog11.JPEG
INFO:root:File sucessfully saved at:::C:\Users\Naveen User\Desktop\dog-ceo\Images\dog\dog80.JPEG
INFO:root:File sucessfully saved at:::C:\Users\Naveen User\Desktop\dog-ceo\Images\dog\dog4.JPEG
INFO:root:Full Screen:False
INFO:root:File sucessfully saved at:::C:\Users\Naveen User\Desktop\dog-ceo\Images\dog\dog9.JPEG
INFO:root:File sucessfully saved at:::C:\Users\Naveen User\Desktop\dog-ceo\Images\dog\dog63.JPEG
INFO:root:File sucessfully saved at:::C:\Users\Naveen User\Desktop\dog-ceo\Images\dog\dog64.JPEG
INFO:root:Full Screen:False
INFO:root:File sucessfully saved at:::C:\Users\Naveen User\Desktop\dog-ceo\Images\dog\dog19.JPEG
INFO:root:File sucessfully saved at:::C:\Users\Naveen User\Desktop\dog-ceo\Images\dog\dog43.JPEG
INFO:root:File sucessfully saved at:::C:\Users\Naveen User\Desktop\dog-ceo\Images\dog\dog64.JPEG
INFO:root:File sucessfully saved at:::C:\Users\Naveen User\Desktop\dog-ceo\Images\dog\dog14.JPEG
INFO:root:File sucessfully saved at:::C:\Users\Naveen User\Desktop\dog-ceo\Images\dog\dog98.JPEG
ERROR:dog-ceo-NaveenMK:This is the error message: HTTPSConnectionPool(host='dog.ceo', port=443): Max retries exceeded with url: /api/breeds/image/random (Caused by NewConnectionError('<urllib3.connection.VerifiedHTTPSConnection object at 0x000000000E099340>: Failed to establish a new connection: [Errno 11004] getaddrinfo failed'))
